
> starter_helpi@0.1.0 test
> react-scripts test --coverage

FAIL src/App.test.tsx
  ● Test suite failed to run

    Cannot find module 'react-router-dom' from 'src/App.tsx'

    Require stack:
      src/App.tsx
      src/App.test.tsx

    [0m [90m 4 |[39m [36mimport[39m [32m'./App.css'[39m[33m;[39m
     [90m 5 |[39m [36mimport[39m { [33mButton[39m[33m,[39m [33mForm[39m } [36mfrom[39m [32m'react-bootstrap'[39m[33m;[39m
    [31m[1m>[22m[39m[90m 6 |[39m [36mimport[39m {[33mRoutes[39m[33m,[39m [33mRoute[39m} [36mfrom[39m [32m'react-router-dom'[39m
     [90m   |[39m [31m[1m^[22m[39m
     [90m 7 |[39m [36mimport[39m  [33mHome[39m  [36mfrom[39m [32m"./Home"[39m[33m;[39m
     [90m 8 |[39m [36mimport[39m { [33mBasicQuestions[39m } [36mfrom[39m [32m'./BasicQuestions'[39m[33m;[39m
     [90m 9 |[39m [36mimport[39m { [33mDetailedQuestions[39m } [36mfrom[39m [32m'./DetailedQuestions'[39m[33m;[39m[0m

      at Resolver.resolveModule (node_modules/jest-resolve/build/resolver.js:324:11)
      at Object.<anonymous> (src/App.tsx:6:1)
      at Object.<anonymous> (src/App.test.tsx:3:1)
      at TestScheduler.scheduleTests (node_modules/@jest/core/build/TestScheduler.js:333:13)
      at runJest (node_modules/@jest/core/build/runJest.js:404:19)
      at _run10000 (node_modules/@jest/core/build/cli/index.js:320:7)
      at runCLI (node_modules/@jest/core/build/cli/index.js:173:3)

------------------------|---------|----------|---------|---------|-------------------
File                    | % Stmts | % Branch | % Funcs | % Lines | Uncovered Line #s 
------------------------|---------|----------|---------|---------|-------------------
All files               |       0 |        0 |       0 |       0 |                   
 AI-code.js             |       0 |        0 |       0 |       0 | 9-38              
 App.tsx                |       0 |        0 |       0 |       0 | 14-34             
 BasicQuestions.tsx     |       0 |        0 |       0 |       0 | 10-119            
 ChatBot.tsx            |       0 |        0 |       0 |       0 | 17-72             
 DetailedQuestions.tsx  |       0 |        0 |       0 |       0 | 10-190            
 Home.tsx               |       0 |        0 |       0 |       0 | 7-39              
 NavBar.tsx             |       0 |      100 |       0 |       0 | 4-5               
 QuestionFormat.tsx     |       0 |      100 |       0 |       0 | 16-30             
 Results.tsx            |       0 |        0 |       0 |       0 | 11-58             
 StoreMessage.js        |       0 |      100 |       0 |       0 | 3-10              
 formSubmittedPopup.tsx |       0 |      100 |       0 |       0 | 11-13             
 index.tsx              |       0 |      100 |     100 |       0 | 8-22              
 progressBar.tsx        |       0 |      100 |       0 |       0 | 11-12             
 reportWebVitals.ts     |       0 |        0 |       0 |       0 | 3-10              
------------------------|---------|----------|---------|---------|-------------------
Test Suites: 1 failed, 1 total
Tests:       0 total
Snapshots:   0 total
Time:        3.232 s
Ran all test suites.
[0;33mOne of your dependencies, babel-preset-react-app, is importing the
"@babel/plugin-proposal-private-property-in-object" package without
declaring it in its dependencies. This is currently working because
"@babel/plugin-proposal-private-property-in-object" is already in your
node_modules folder for unrelated reasons, but it [1mmay break at any time[0;33m.

babel-preset-react-app is part of the create-react-app project, [1mwhich
is not maintianed anymore[0;33m. It is thus unlikely that this bug will
ever be fixed. Add "@babel/plugin-proposal-private-property-in-object" to
your devDependencies to work around this error. This will make this message
go away.[0m
  
